SF:lib\presentation\bloc\on_the_air_tvseries\on_the_air_tvseries_bloc.dart
DA:12,1
DA:13,2
DA:14,2
DA:15,2
DA:17,3
DA:19,2
DA:20,3
DA:21,1
DA:22,1
DA:23,2
DA:24,2
LF:11
LH:11
end_of_record
SF:lib\presentation\bloc\on_the_air_tvseries\on_the_air_tvseries_event.dart
DA:7,1
DA:8,1
LF:2
LH:2
end_of_record
SF:lib\presentation\bloc\on_the_air_tvseries\on_the_air_tvseries_state.dart
DA:7,1
DA:8,1
DA:12,1
DA:13,1
DA:18,2
DA:20,1
DA:21,2
DA:26,2
DA:28,1
DA:29,2
LF:10
LH:10
end_of_record
SF:lib\presentation\bloc\popular_tvseries\popular_tvseries_bloc.dart
DA:12,1
DA:13,2
DA:14,2
DA:15,2
DA:17,3
DA:19,1
DA:20,4
DA:21,2
DA:22,2
DA:23,2
LF:10
LH:10
end_of_record
SF:lib\presentation\bloc\popular_tvseries\popular_tvseries_event.dart
DA:7,0
DA:8,0
LF:2
LH:0
end_of_record
SF:lib\presentation\bloc\popular_tvseries\popular_tvseries_state.dart
DA:7,1
DA:8,1
DA:12,1
DA:13,1
DA:18,3
DA:19,1
DA:20,2
DA:25,3
DA:26,1
DA:27,2
LF:10
LH:10
end_of_record
SF:lib\presentation\bloc\top_rated_tvseries\top_rated_tvseries_state.dart
DA:7,1
DA:8,1
DA:12,1
DA:13,1
DA:18,3
DA:19,1
DA:20,2
DA:25,3
DA:27,1
DA:28,2
LF:10
LH:10
end_of_record
SF:lib\presentation\bloc\top_rated_tvseries\top_rated_tvseries_bloc.dart
DA:12,1
DA:13,2
DA:14,2
DA:15,2
DA:16,3
DA:18,1
DA:19,4
DA:20,2
DA:21,2
DA:22,2
LF:10
LH:10
end_of_record
SF:lib\presentation\bloc\top_rated_tvseries\top_rated_tvseries_event.dart
DA:7,0
DA:8,0
LF:2
LH:0
end_of_record
SF:lib\presentation\bloc\tvseries_detail\tvseries_detail_bloc.dart
DA:12,3
DA:13,2
DA:14,1
DA:16,2
DA:18,3
DA:20,5
DA:21,3
LF:7
LH:7
end_of_record
SF:lib\presentation\bloc\tvseries_detail\tvseries_detail_state.dart
DA:7,1
DA:8,1
DA:12,1
DA:13,1
DA:19,1
DA:20,1
DA:21,2
DA:27,2
DA:28,1
DA:29,2
LF:10
LH:10
end_of_record
SF:lib\presentation\bloc\tvseries_detail\tvseries_detail_event.dart
DA:9,2
DA:10,1
DA:11,2
LF:3
LH:3
end_of_record
SF:lib\presentation\bloc\tvseries_recommendations\tvseries_recommendations_event.dart
DA:9,2
DA:11,0
DA:12,0
LF:3
LH:1
end_of_record
SF:lib\presentation\bloc\tvseries_recommendations\tvseries_recommendations_state.dart
DA:7,1
DA:8,1
DA:12,1
DA:13,1
DA:18,1
DA:19,1
DA:20,2
DA:25,2
DA:26,1
DA:27,2
LF:10
LH:10
end_of_record
SF:lib\presentation\bloc\tvseries_recommendations\tvseries_recommendations_bloc.dart
DA:12,1
DA:13,2
DA:14,2
DA:15,1
DA:17,2
DA:19,3
DA:21,1
DA:22,4
DA:23,2
DA:24,2
DA:25,2
LF:11
LH:11
end_of_record
SF:lib\presentation\bloc\watchlist_tvseries\watchlist_tvseries_bloc.dart
DA:15,1
DA:20,2
DA:21,2
DA:22,2
DA:23,3
DA:24,1
DA:25,4
DA:26,2
DA:27,2
DA:28,2
DA:32,2
DA:33,1
DA:35,3
DA:37,2
DA:40,1
DA:41,1
DA:42,1
DA:44,3
DA:46,1
DA:47,4
DA:48,2
DA:49,1
DA:55,1
DA:56,1
DA:57,1
DA:59,3
DA:61,1
DA:62,4
DA:63,2
DA:64,1
LF:30
LH:30
end_of_record
SF:lib\presentation\bloc\watchlist_tvseries\watchlist_tvseries_event.dart
DA:7,1
DA:8,1
DA:13,2
DA:14,1
DA:15,2
DA:20,1
DA:21,1
DA:22,2
DA:27,1
DA:28,1
DA:29,2
LF:11
LH:11
end_of_record
SF:lib\presentation\bloc\watchlist_tvseries\watchlist_tvseries_state.dart
DA:7,1
DA:8,1
DA:12,1
DA:13,1
DA:18,2
DA:19,1
DA:20,2
DA:25,3
DA:26,1
DA:27,2
DA:32,2
DA:33,1
DA:34,2
DA:40,1
DA:41,1
DA:42,2
LF:16
LH:16
end_of_record
SF:lib\presentation\pages\home_tvseries_page.dart
DA:11,12
DA:13,1
DA:14,1
DA:18,1
DA:20,1
DA:21,2
DA:22,4
DA:23,4
DA:24,4
DA:28,1
DA:30,1
DA:32,1
DA:33,1
DA:35,1
DA:36,1
DA:38,1
DA:40,1
DA:41,1
DA:42,1
DA:46,1
DA:47,1
DA:48,1
DA:49,1
DA:55,1
DA:58,1
DA:60,0
DA:62,1
DA:63,1
DA:64,1
DA:68,1
DA:69,1
DA:70,1
DA:71,1
DA:77,1
DA:80,1
DA:82,0
DA:84,1
DA:85,1
DA:86,1
DA:90,1
DA:91,1
DA:92,1
DA:93,1
DA:99,1
DA:108,1
DA:109,1
DA:111,1
DA:112,1
DA:114,1
DA:116,1
DA:118,1
DA:120,1
DA:133,1
DA:135,1
DA:137,1
DA:139,1
DA:141,1
DA:142,2
DA:143,1
DA:145,1
DA:146,0
DA:147,0
DA:150,0
DA:153,1
DA:155,1
DA:156,2
DA:157,1
DA:160,0
DA:166,2
LF:69
LH:63
end_of_record
SF:lib\presentation\pages\popular_tvseries_page.dart
DA:8,1
DA:9,1
DA:13,1
DA:15,1
DA:16,2
DA:17,4
DA:20,1
DA:22,1
DA:24,1
DA:25,1
DA:27,1
DA:29,1
DA:30,1
DA:31,1
DA:32,1
DA:33,1
DA:35,1
DA:36,1
DA:37,1
DA:38,1
DA:39,1
DA:40,1
DA:42,1
DA:45,1
DA:46,1
DA:47,2
LF:26
LH:26
end_of_record
SF:lib\presentation\pages\top_rated_tvseries_page.dart
DA:8,1
DA:10,1
DA:11,1
DA:15,1
DA:17,1
DA:18,2
DA:19,4
DA:22,1
DA:24,1
DA:26,1
DA:27,1
DA:29,1
DA:31,1
DA:32,1
DA:33,1
DA:34,1
DA:35,1
DA:37,1
DA:38,1
DA:39,1
DA:40,1
DA:41,1
DA:42,1
DA:44,1
DA:47,1
DA:48,1
DA:49,2
LF:27
LH:27
end_of_record
SF:lib\presentation\pages\tvseries_detail_page.dart
DA:13,1
DA:15,1
DA:16,1
DA:20,1
DA:22,1
DA:23,2
DA:24,6
DA:25,1
DA:26,1
DA:27,4
DA:28,1
DA:29,1
DA:30,4
DA:34,1
DA:37,2
DA:38,2
DA:39,2
DA:44,1
DA:46,1
DA:47,1
DA:48,1
DA:52,1
DA:53,1
DA:54,1
DA:55,1
DA:61,0
DA:74,1
DA:75,1
DA:77,1
DA:78,1
DA:82,1
DA:84,3
DA:85,1
DA:86,1
DA:87,1
DA:89,4
DA:91,1
DA:94,0
DA:96,1
DA:98,1
DA:99,1
DA:100,1
DA:112,1
DA:113,1
DA:114,1
DA:116,1
DA:118,1
DA:120,1
DA:121,1
DA:122,3
DA:123,1
DA:125,1
DA:126,0
DA:127,0
DA:128,0
DA:129,0
DA:131,0
DA:132,0
DA:133,0
DA:143,0
DA:145,0
DA:147,0
DA:148,0
DA:149,0
DA:153,0
DA:157,0
DA:158,0
DA:159,0
DA:160,0
DA:161,0
DA:166,0
DA:168,0
DA:169,0
DA:170,0
DA:174,0
DA:175,0
DA:176,0
DA:179,1
DA:181,1
DA:182,2
DA:189,1
DA:190,4
DA:193,1
DA:195,1
DA:196,1
DA:197,5
DA:200,1
DA:201,4
DA:204,1
DA:205,4
DA:210,1
DA:211,1
DA:212,1
DA:213,4
DA:215,1
DA:221,5
DA:225,1
DA:227,1
DA:229,1
DA:230,3
DA:233,1
DA:235,1
DA:237,4
DA:238,1
DA:240,1
DA:242,1
DA:244,4
DA:245,1
DA:247,1
DA:252,1
DA:253,1
DA:254,1
DA:255,1
DA:269,0
DA:271,0
DA:273,0
DA:278,0
DA:283,1
DA:284,1
DA:286,1
DA:294,4
DA:304,1
DA:306,1
DA:308,1
DA:310,1
DA:311,1
DA:316,1
DA:317,0
DA:319,1
DA:320,1
DA:321,1
DA:323,1
DA:325,1
DA:326,1
DA:327,1
DA:329,1
DA:330,0
DA:331,0
DA:334,0
DA:337,1
DA:342,1
DA:344,2
DA:345,1
DA:351,0
DA:358,1
DA:362,0
DA:370,0
DA:378,1
DA:380,1
DA:395,1
DA:397,1
DA:400,1
DA:402,0
DA:403,0
DA:412,1
DA:413,1
DA:415,1
DA:417,1
DA:419,1
LF:159
LH:119
end_of_record
SF:lib\presentation\pages\watchlist_tvseries_page.dart
DA:8,1
DA:10,1
DA:11,1
DA:16,1
DA:18,1
DA:19,2
DA:20,4
DA:23,1
DA:25,1
DA:26,4
DA:29,0
DA:31,0
DA:34,1
DA:36,1
DA:38,1
DA:40,1
DA:41,1
DA:42,1
DA:46,1
DA:47,1
DA:48,1
DA:49,1
DA:50,1
DA:51,1
DA:53,1
DA:55,1
DA:56,0
DA:57,0
DA:59,0
DA:64,0
DA:65,0
DA:68,0
DA:76,1
DA:78,1
DA:87,1
DA:89,2
DA:90,1
LF:37
LH:29
end_of_record
