SF:lib\presentation\bloc\movie_detail\movie_detail_state.dart
DA:7,1
DA:8,1
DA:12,1
DA:13,1
DA:19,1
DA:20,1
DA:21,2
DA:27,2
DA:28,1
DA:29,2
LF:10
LH:10
end_of_record
SF:lib\presentation\bloc\movie_detail\movie_detail_event.dart
DA:9,2
DA:10,1
DA:11,2
LF:3
LH:3
end_of_record
SF:lib\presentation\bloc\movie_detail\movie_detail_bloc.dart
DA:11,3
DA:12,2
DA:13,1
DA:15,2
DA:17,3
DA:19,5
DA:20,3
LF:7
LH:7
end_of_record
SF:lib\presentation\bloc\movie_recommendations\movie_recommendations_bloc.dart
DA:12,1
DA:13,2
DA:14,2
DA:15,1
DA:17,2
DA:19,3
DA:21,1
DA:22,4
DA:23,2
DA:24,2
DA:25,2
LF:11
LH:11
end_of_record
SF:lib\presentation\bloc\movie_recommendations\movie_recommendations_state.dart
DA:7,1
DA:8,1
DA:12,1
DA:13,1
DA:18,1
DA:19,1
DA:20,2
DA:25,2
DA:26,1
DA:27,2
LF:10
LH:10
end_of_record
SF:lib\presentation\bloc\movie_recommendations\movie_recommendations_event.dart
DA:9,2
DA:11,0
DA:12,0
LF:3
LH:1
end_of_record
SF:lib\presentation\bloc\now_playing_movies\now_playing_movies_state.dart
DA:7,1
DA:8,1
DA:12,1
DA:13,1
DA:18,2
DA:20,1
DA:21,2
DA:26,2
DA:28,1
DA:29,2
LF:10
LH:10
end_of_record
SF:lib\presentation\bloc\now_playing_movies\now_playing_movies_event.dart
DA:7,1
DA:8,1
LF:2
LH:2
end_of_record
SF:lib\presentation\bloc\now_playing_movies\now_playing_movies_bloc.dart
DA:12,1
DA:13,2
DA:14,2
DA:15,2
DA:17,3
DA:19,2
DA:20,3
DA:21,1
DA:22,1
DA:23,2
DA:24,2
LF:11
LH:11
end_of_record
SF:lib\presentation\bloc\popular_movies\popular_movies_state.dart
DA:7,1
DA:8,1
DA:12,1
DA:13,1
DA:18,3
DA:19,1
DA:20,2
DA:25,3
DA:26,1
DA:27,2
LF:10
LH:10
end_of_record
SF:lib\presentation\bloc\popular_movies\popular_movies_bloc.dart
DA:11,3
DA:12,2
DA:13,2
DA:15,3
DA:17,1
DA:18,4
DA:19,2
DA:20,2
DA:21,2
LF:9
LH:9
end_of_record
SF:lib\presentation\bloc\popular_movies\popular_movies_event.dart
DA:7,0
DA:8,0
LF:2
LH:0
end_of_record
SF:lib\presentation\bloc\top_rated_movies\top_rated_movies_bloc.dart
DA:12,3
DA:13,2
DA:14,2
DA:15,3
DA:17,1
DA:18,4
DA:19,2
DA:20,2
DA:21,1
DA:22,1
LF:10
LH:10
end_of_record
SF:lib\presentation\bloc\top_rated_movies\top_rated_movies_event.dart
DA:7,0
DA:8,0
LF:2
LH:0
end_of_record
SF:lib\presentation\bloc\top_rated_movies\top_rated_movies_state.dart
DA:7,1
DA:8,1
DA:12,1
DA:13,1
DA:18,3
DA:19,1
DA:20,2
DA:25,3
DA:27,1
DA:28,2
LF:10
LH:10
end_of_record
SF:lib\presentation\bloc\watchlist_movies\watchlist_movies_bloc.dart
DA:15,1
DA:20,2
DA:21,2
DA:22,2
DA:23,3
DA:25,1
DA:26,4
DA:27,2
DA:28,2
DA:29,1
DA:30,1
DA:34,2
DA:35,1
DA:37,3
DA:39,2
DA:42,1
DA:43,1
DA:44,1
DA:46,3
DA:48,1
DA:49,4
DA:50,2
DA:51,1
DA:57,1
DA:58,1
DA:59,1
DA:61,3
DA:63,1
DA:64,4
DA:65,2
DA:66,1
LF:31
LH:31
end_of_record
SF:lib\presentation\bloc\watchlist_movies\watchlist_movies_state.dart
DA:7,1
DA:8,1
DA:12,1
DA:13,1
DA:18,2
DA:19,1
DA:20,2
DA:25,3
DA:26,1
DA:27,2
DA:32,2
DA:33,1
DA:34,2
DA:40,1
DA:41,1
DA:42,2
LF:16
LH:16
end_of_record
SF:lib\presentation\bloc\watchlist_movies\watchlist_movies_event.dart
DA:7,1
DA:8,1
DA:13,2
DA:14,1
DA:15,2
DA:20,1
DA:21,1
DA:22,2
DA:27,1
DA:28,1
DA:29,2
LF:11
LH:11
end_of_record
SF:lib\presentation\pages\home_movie_page.dart
DA:11,1
DA:13,1
DA:14,1
DA:18,1
DA:20,1
DA:21,1
DA:22,1
DA:23,4
DA:24,4
DA:25,4
DA:30,1
DA:32,1
DA:34,1
DA:35,1
DA:37,1
DA:38,1
DA:40,1
DA:42,1
DA:43,1
DA:44,1
DA:48,1
DA:49,1
DA:50,1
DA:51,1
DA:57,1
DA:60,1
DA:62,0
DA:64,1
DA:65,1
DA:66,1
DA:70,1
DA:71,1
DA:72,1
DA:73,1
DA:77,1
DA:81,1
DA:83,0
DA:84,1
DA:85,1
DA:86,1
DA:90,1
DA:91,1
DA:92,1
DA:93,1
DA:97,1
DA:106,1
DA:107,1
DA:109,1
DA:110,1
DA:112,1
DA:114,1
DA:116,1
DA:118,1
DA:131,2
DA:133,1
DA:135,1
DA:137,1
DA:139,1
DA:140,2
DA:142,1
DA:144,1
DA:145,0
DA:146,0
DA:149,0
DA:152,1
DA:154,1
DA:155,2
DA:156,1
DA:159,0
DA:165,2
LF:70
LH:64
end_of_record
SF:lib\presentation\pages\movie_detail_page.dart
DA:13,1
DA:15,1
DA:16,1
DA:20,1
DA:22,1
DA:23,2
DA:24,6
DA:25,1
DA:26,1
DA:27,4
DA:28,6
DA:32,1
DA:35,2
DA:36,2
DA:37,2
DA:42,1
DA:44,1
DA:45,1
DA:46,1
DA:50,1
DA:51,1
DA:52,1
DA:53,1
DA:72,1
DA:73,1
DA:75,1
DA:76,1
DA:80,1
DA:82,3
DA:83,1
DA:84,1
DA:85,1
DA:86,4
DA:88,1
DA:91,0
DA:93,1
DA:95,1
DA:96,1
DA:97,1
DA:107,1
DA:108,1
DA:109,1
DA:111,1
DA:113,1
DA:115,1
DA:116,1
DA:117,3
DA:118,1
DA:120,1
DA:121,0
DA:122,0
DA:124,0
DA:125,0
DA:127,0
DA:128,0
DA:136,0
DA:138,0
DA:140,0
DA:141,0
DA:142,0
DA:146,0
DA:151,0
DA:152,0
DA:153,0
DA:154,0
DA:155,0
DA:160,0
DA:162,0
DA:163,0
DA:164,0
DA:168,0
DA:169,0
DA:170,0
DA:173,1
DA:175,1
DA:176,2
DA:183,1
DA:184,4
DA:186,1
DA:187,4
DA:189,1
DA:190,1
DA:191,1
DA:192,4
DA:194,1
DA:200,5
DA:204,1
DA:206,1
DA:208,1
DA:209,3
DA:212,1
DA:214,1
DA:216,1
DA:218,1
DA:219,1
DA:223,1
DA:224,0
DA:226,1
DA:227,1
DA:228,1
DA:230,1
DA:232,1
DA:233,1
DA:234,1
DA:236,1
DA:237,0
DA:238,0
DA:241,0
DA:244,1
DA:249,1
DA:251,2
DA:252,1
DA:258,0
DA:265,1
DA:268,0
DA:276,0
DA:284,1
DA:286,1
DA:301,1
DA:303,1
DA:306,1
DA:308,0
DA:309,0
LF:123
LH:89
end_of_record
SF:lib\presentation\pages\popular_movies_page.dart
DA:8,1
DA:10,1
DA:11,1
DA:15,1
DA:17,1
DA:18,1
DA:19,5
DA:22,1
DA:24,1
DA:26,1
DA:29,1
DA:31,1
DA:32,1
DA:33,1
DA:37,1
DA:38,1
DA:39,1
DA:40,1
DA:41,1
DA:42,1
DA:44,1
DA:47,1
DA:49,2
LF:23
LH:23
end_of_record
SF:lib\presentation\pages\top_rated_movies_page.dart
DA:8,1
DA:10,1
DA:11,1
DA:15,1
DA:17,1
DA:18,1
DA:19,5
DA:22,1
DA:24,1
DA:26,1
DA:29,1
DA:31,1
DA:32,1
DA:33,1
DA:37,1
DA:38,1
DA:39,1
DA:40,1
DA:41,1
DA:42,1
DA:44,1
DA:47,1
DA:49,2
LF:23
LH:23
end_of_record
SF:lib\presentation\pages\watchlist_movies_page.dart
DA:8,1
DA:10,1
DA:11,1
DA:16,1
DA:18,1
DA:19,2
DA:20,4
DA:23,1
DA:25,1
DA:26,4
DA:29,0
DA:31,0
DA:34,1
DA:36,1
DA:38,1
DA:40,1
DA:41,1
DA:42,1
DA:46,1
DA:47,1
DA:48,1
DA:49,1
DA:50,1
DA:51,1
DA:53,1
DA:55,1
DA:56,0
DA:57,0
DA:59,0
DA:64,0
DA:65,0
DA:68,0
DA:87,1
DA:89,2
DA:90,1
LF:35
LH:27
end_of_record
